0 info it worked if it ends with ok
1 verbose cli [ '/usr/local/bin/node',
1 verbose cli   '/usr/local/bin/npm',
1 verbose cli   'run',
1 verbose cli   'live-reload' ]
2 info using npm@2.10.1
3 info using node@v0.12.4
4 verbose run-script [ 'prelive-reload', 'live-reload', 'postlive-reload' ]
5 info prelive-reload govwiki-site@0.0.1
6 info live-reload govwiki-site@0.0.1
7 verbose unsafe-perm in lifecycle true
8 info govwiki-site@0.0.1 Failed to exec live-reload script
9 verbose stack Error: govwiki-site@0.0.1 live-reload: `live-reload  index.html css static --port=9090 --delay=500`
9 verbose stack Exit status 1
9 verbose stack     at EventEmitter.<anonymous> (/usr/local/lib/node_modules/npm/lib/utils/lifecycle.js:213:16)
9 verbose stack     at EventEmitter.emit (events.js:110:17)
9 verbose stack     at ChildProcess.<anonymous> (/usr/local/lib/node_modules/npm/lib/utils/spawn.js:24:14)
9 verbose stack     at ChildProcess.emit (events.js:110:17)
9 verbose stack     at maybeClose (child_process.js:1015:16)
9 verbose stack     at Process.ChildProcess._handle.onexit (child_process.js:1087:5)
10 verbose pkgid govwiki-site@0.0.1
11 verbose cwd /home/voronov/dev/govwiki.us
12 error Linux 3.16.0-41-generic
13 error argv "/usr/local/bin/node" "/usr/local/bin/npm" "run" "live-reload"
14 error node v0.12.4
15 error npm  v2.10.1
16 error code ELIFECYCLE
17 error govwiki-site@0.0.1 live-reload: `live-reload  index.html css static --port=9090 --delay=500`
17 error Exit status 1
18 error Failed at the govwiki-site@0.0.1 live-reload script 'live-reload  index.html css static --port=9090 --delay=500'.
18 error This is most likely a problem with the govwiki-site package,
18 error not with npm itself.
18 error Tell the author that this fails on your system:
18 error     live-reload  index.html css static --port=9090 --delay=500
18 error You can get their info via:
18 error     npm owner ls govwiki-site
18 error There is likely additional logging output above.
19 verbose exit [ 1, true ]
